<?xml version="1.0" encoding="UTF-8"?>
<testng-results skipped="0" failed="0" total="1" passed="1">
  <reporter-output>
  </reporter-output>
  <suite name="Default suite" duration-ms="60878" started-at="2016-12-07T13:49:54Z" finished-at="2016-12-07T13:50:55Z">
    <groups>
    </groups>
    <test name="Default test" duration-ms="60878" started-at="2016-12-07T13:49:54Z" finished-at="2016-12-07T13:50:55Z">
      <class name="com.mps.test.Test_RemoveAddress">
        <test-method status="PASS" signature="setUp()[pri:0, instance:com.mps.test.Test_RemoveAddress@5afa04c]" name="setUp" is-config="true" duration-ms="18186" started-at="2016-12-07T19:19:54Z" finished-at="2016-12-07T19:20:13Z">
          <reporter-output>
          </reporter-output>
        </test-method> <!-- setUp -->
        <test-method status="PASS" signature="RemoveAddressTest()[pri:0, instance:com.mps.test.Test_RemoveAddress@5afa04c]" name="RemoveAddressTest" duration-ms="35904" started-at="2016-12-07T19:20:13Z" finished-at="2016-12-07T19:20:48Z">
          <reporter-output>
          </reporter-output>
        </test-method> <!-- RemoveAddressTest -->
        <test-method status="PASS" signature="tearDown()[pri:0, instance:com.mps.test.Test_RemoveAddress@5afa04c]" name="tearDown" is-config="true" duration-ms="6774" started-at="2016-12-07T19:20:48Z" finished-at="2016-12-07T19:20:55Z">
          <reporter-output>
          </reporter-output>
        </test-method> <!-- tearDown -->
      </class> <!-- com.mps.test.Test_RemoveAddress -->
    </test> <!-- Default test -->
  </suite> <!-- Default suite -->
</testng-results>
